[0m18:14:02.788530 [debug] [MainThread]: Sending event: {'category': 'dbt', 'action': 'invocation', 'label': 'start', 'context': [<snowplow_tracker.self_describing_json.SelfDescribingJson object at 0x000001EF4479BB10>, <snowplow_tracker.self_describing_json.SelfDescribingJson object at 0x000001EF447E4290>, <snowplow_tracker.self_describing_json.SelfDescribingJson object at 0x000001EF447CF7D0>]}


============================== 18:14:02.804147 | 186f612c-72d4-4c8b-a098-c573ca23fde9 ==============================
[0m18:14:02.804147 [info ] [MainThread]: Running with dbt=1.10.3
[0m18:14:02.804147 [debug] [MainThread]: running dbt with arguments {'printer_width': '80', 'indirect_selection': 'eager', 'write_json': 'True', 'log_cache_events': 'False', 'partial_parse': 'True', 'cache_selected_only': 'False', 'warn_error': 'None', 'fail_fast': 'False', 'debug': 'False', 'log_path': 'logs', 'profiles_dir': 'C:\\Users\\Selman\\.dbt', 'version_check': 'True', 'use_colors': 'True', 'use_experimental_parser': 'False', 'no_print': 'None', 'quiet': 'False', 'empty': 'None', 'log_format': 'default', 'introspect': 'True', 'warn_error_options': 'WarnErrorOptionsV2(error=[], warn=[], silence=[])', 'static_parser': 'True', 'target_path': 'None', 'invocation_command': 'dbt init', 'send_anonymous_usage_stats': 'True'}
[0m18:15:48.539997 [debug] [MainThread]: Starter project path: C:\Users\Selman\AppData\Roaming\Python\Python311\site-packages\dbt\include\starter_project
[0m18:15:48.675344 [info ] [MainThread]: 
Your new dbt project "ecommerce_dbt" was created!

For more information on how to configure the profiles.yml file,
please consult the dbt documentation here:

  https://docs.getdbt.com/docs/configure-your-profile

One more thing:

Need help? Don't hesitate to reach out to us via GitHub issues or on Slack:

  https://community.getdbt.com/

Happy modeling!

[0m18:15:48.683594 [info ] [MainThread]: Setting up your profile.
[0m18:21:06.748756 [info ] [MainThread]: Profile ecommerce_dbt written to C:\Users\Selman\.dbt\profiles.yml using target's profile_template.yml and your supplied values. Run 'dbt debug' to validate the connection.
[0m18:21:06.748756 [debug] [MainThread]: Command `dbt init` succeeded at 18:21:06.748756 after 424.14 seconds
[0m18:21:06.748756 [debug] [MainThread]: Sending event: {'category': 'dbt', 'action': 'invocation', 'label': 'end', 'context': [<snowplow_tracker.self_describing_json.SelfDescribingJson object at 0x000001EF3DAF38D0>, <snowplow_tracker.self_describing_json.SelfDescribingJson object at 0x000001EF3DDC19D0>, <snowplow_tracker.self_describing_json.SelfDescribingJson object at 0x000001EF44586BD0>]}
[0m18:21:06.764383 [debug] [MainThread]: Flushing usage events
[0m18:21:08.174721 [debug] [MainThread]: An error was encountered while trying to flush usage events
[0m18:28:27.998003 [debug] [MainThread]: Sending event: {'category': 'dbt', 'action': 'invocation', 'label': 'start', 'context': [<snowplow_tracker.self_describing_json.SelfDescribingJson object at 0x00000251448DE290>, <snowplow_tracker.self_describing_json.SelfDescribingJson object at 0x00000251448DECD0>, <snowplow_tracker.self_describing_json.SelfDescribingJson object at 0x00000251448DE350>]}


============================== 18:28:28.013992 | d953f917-ec42-4984-93ce-5949b3d0040c ==============================
[0m18:28:28.013992 [info ] [MainThread]: Running with dbt=1.10.3
[0m18:28:28.016007 [debug] [MainThread]: running dbt with arguments {'printer_width': '80', 'indirect_selection': 'eager', 'log_cache_events': 'False', 'write_json': 'True', 'partial_parse': 'True', 'cache_selected_only': 'False', 'profiles_dir': 'C:\\Users\\Selman\\.dbt', 'version_check': 'True', 'debug': 'False', 'log_path': 'logs', 'warn_error': 'None', 'fail_fast': 'False', 'use_colors': 'True', 'use_experimental_parser': 'False', 'empty': 'None', 'quiet': 'False', 'no_print': 'None', 'log_format': 'default', 'static_parser': 'True', 'warn_error_options': 'WarnErrorOptionsV2(error=[], warn=[], silence=[])', 'introspect': 'True', 'target_path': 'None', 'invocation_command': 'dbt debug', 'send_anonymous_usage_stats': 'True'}
[0m18:28:28.073298 [info ] [MainThread]: dbt version: 1.10.3
[0m18:28:28.075300 [info ] [MainThread]: python version: 3.11.9
[0m18:28:28.079312 [info ] [MainThread]: python path: C:\Program Files\Python311\python.exe
[0m18:28:28.083300 [info ] [MainThread]: os info: Windows-10-10.0.19045-SP0
[0m18:28:28.356282 [info ] [MainThread]: Error importing adapter: No module named 'dbt.adapters.databricks'
[0m18:28:28.373457 [info ] [MainThread]: Using profiles dir at C:\Users\Selman\.dbt
[0m18:28:28.383700 [info ] [MainThread]: Using profiles.yml file at C:\Users\Selman\.dbt\profiles.yml
[0m18:28:28.392026 [info ] [MainThread]: Using dbt_project.yml file at C:\Users\Selman\Desktop\ecommerce-data-platform\dbt_ecommerce\dbt_project.yml
[0m18:28:28.399927 [info ] [MainThread]: Configuration:
[0m18:28:28.399927 [info ] [MainThread]:   profiles.yml file [[31mERROR invalid[0m]
[0m18:28:28.408082 [info ] [MainThread]:   dbt_project.yml file [[31mERROR not found[0m]
[0m18:28:28.414989 [info ] [MainThread]: Required dependencies:
[0m18:28:28.414989 [debug] [MainThread]: Executing "git --help"
[0m18:28:28.531379 [debug] [MainThread]: STDOUT: "b"usage: git [-v | --version] [-h | --help] [-C <path>] [-c <name>=<value>]\n           [--exec-path[=<path>]] [--html-path] [--man-path] [--info-path]\n           [-p | --paginate | -P | --no-pager] [--no-replace-objects] [--no-lazy-fetch]\n           [--no-optional-locks] [--no-advice] [--bare] [--git-dir=<path>]\n           [--work-tree=<path>] [--namespace=<name>] [--config-env=<name>=<envvar>]\n           <command> [<args>]\n\nThese are common Git commands used in various situations:\n\nstart a working area (see also: git help tutorial)\n   clone      Clone a repository into a new directory\n   init       Create an empty Git repository or reinitialize an existing one\n\nwork on the current change (see also: git help everyday)\n   add        Add file contents to the index\n   mv         Move or rename a file, a directory, or a symlink\n   restore    Restore working tree files\n   rm         Remove files from the working tree and from the index\n\nexamine the history and state (see also: git help revisions)\n   bisect     Use binary search to find the commit that introduced a bug\n   diff       Show changes between commits, commit and working tree, etc\n   grep       Print lines matching a pattern\n   log        Show commit logs\n   show       Show various types of objects\n   status     Show the working tree status\n\ngrow, mark and tweak your common history\n   backfill   Download missing objects in a partial clone\n   branch     List, create, or delete branches\n   commit     Record changes to the repository\n   merge      Join two or more development histories together\n   rebase     Reapply commits on top of another base tip\n   reset      Reset current HEAD to the specified state\n   switch     Switch branches\n   tag        Create, list, delete or verify a tag object signed with GPG\n\ncollaborate (see also: git help workflows)\n   fetch      Download objects and refs from another repository\n   pull       Fetch from and integrate with another repository or a local branch\n   push       Update remote refs along with associated objects\n\n'git help -a' and 'git help -g' list available subcommands and some\nconcept guides. See 'git help <command>' or 'git help <concept>'\nto read about a specific subcommand or concept.\nSee 'git help git' for an overview of the system.\n""
[0m18:28:28.531379 [debug] [MainThread]: STDERR: "b''"
[0m18:28:28.531379 [info ] [MainThread]:  - git [[32mOK found[0m]

[0m18:28:28.539469 [info ] [MainThread]: Connection test skipped since no profile was found
[0m18:28:28.539469 [info ] [MainThread]: [31m2 checks failed:[0m
[0m18:28:28.539469 [info ] [MainThread]: Could not load dbt_project.yml
Profile loading failed for the following reason:
Runtime Error
  Credentials in profile "nyc_data", target "dev" invalid: Runtime Error
    Could not find adapter type databricks!


[0m18:28:28.550000 [info ] [MainThread]: Project loading failed for the following reason:
 project path <C:\Users\Selman\Desktop\ecommerce-data-platform\dbt_ecommerce\dbt_project.yml> not found

[0m18:28:28.558310 [debug] [MainThread]: Command `dbt debug` failed at 18:28:28.558310 after 0.76 seconds
[0m18:28:28.558310 [debug] [MainThread]: Sending event: {'category': 'dbt', 'action': 'invocation', 'label': 'end', 'context': [<snowplow_tracker.self_describing_json.SelfDescribingJson object at 0x000002513DC038D0>, <snowplow_tracker.self_describing_json.SelfDescribingJson object at 0x000002513DE4CB50>, <snowplow_tracker.self_describing_json.SelfDescribingJson object at 0x000002513DE4D7D0>]}
[0m18:28:28.558310 [debug] [MainThread]: Flushing usage events
[0m18:28:30.982512 [debug] [MainThread]: An error was encountered while trying to flush usage events
[0m09:10:09.747691 [debug] [MainThread]: Sending event: {'category': 'dbt', 'action': 'invocation', 'label': 'start', 'context': [<snowplow_tracker.self_describing_json.SelfDescribingJson object at 0x000002839C23E750>, <snowplow_tracker.self_describing_json.SelfDescribingJson object at 0x000002839B2B7450>, <snowplow_tracker.self_describing_json.SelfDescribingJson object at 0x000002839C244C10>]}


============================== 09:10:09.764412 | a85e26dd-f117-4398-be8e-9a617274ae45 ==============================
[0m09:10:09.764412 [info ] [MainThread]: Running with dbt=1.10.3
[0m09:10:09.764412 [debug] [MainThread]: running dbt with arguments {'printer_width': '80', 'indirect_selection': 'eager', 'log_cache_events': 'False', 'write_json': 'True', 'partial_parse': 'True', 'cache_selected_only': 'False', 'warn_error': 'None', 'fail_fast': 'False', 'profiles_dir': 'C:\\Users\\Selman\\.dbt', 'log_path': 'logs', 'version_check': 'True', 'debug': 'False', 'use_colors': 'True', 'use_experimental_parser': 'False', 'empty': 'None', 'quiet': 'False', 'no_print': 'None', 'warn_error_options': 'WarnErrorOptionsV2(error=[], warn=[], silence=[])', 'introspect': 'True', 'invocation_command': 'dbt debug', 'log_format': 'default', 'target_path': 'None', 'static_parser': 'True', 'send_anonymous_usage_stats': 'True'}
[0m09:10:09.827477 [info ] [MainThread]: dbt version: 1.10.3
[0m09:10:09.827477 [info ] [MainThread]: python version: 3.11.9
[0m09:10:09.842683 [info ] [MainThread]: python path: C:\Program Files\Python311\python.exe
[0m09:10:09.842683 [info ] [MainThread]: os info: Windows-10-10.0.19045-SP0
[0m09:10:10.044555 [info ] [MainThread]: Error importing adapter: No module named 'dbt.adapters.databricks'
[0m09:10:10.044555 [info ] [MainThread]: Using profiles dir at C:\Users\Selman\.dbt
[0m09:10:10.044555 [info ] [MainThread]: Using profiles.yml file at C:\Users\Selman\.dbt\profiles.yml
[0m09:10:10.044555 [info ] [MainThread]: Using dbt_project.yml file at C:\Users\Selman\Desktop\ecommerce-data-platform\dbt_ecommerce\dbt_project.yml
[0m09:10:10.044555 [info ] [MainThread]: Configuration:
[0m09:10:10.044555 [info ] [MainThread]:   profiles.yml file [[31mERROR invalid[0m]
[0m09:10:10.060181 [info ] [MainThread]:   dbt_project.yml file [[31mERROR not found[0m]
[0m09:10:10.060181 [info ] [MainThread]: Required dependencies:
[0m09:10:10.060181 [debug] [MainThread]: Executing "git --help"
[0m09:10:10.139297 [debug] [MainThread]: STDOUT: "b"usage: git [-v | --version] [-h | --help] [-C <path>] [-c <name>=<value>]\n           [--exec-path[=<path>]] [--html-path] [--man-path] [--info-path]\n           [-p | --paginate | -P | --no-pager] [--no-replace-objects] [--no-lazy-fetch]\n           [--no-optional-locks] [--no-advice] [--bare] [--git-dir=<path>]\n           [--work-tree=<path>] [--namespace=<name>] [--config-env=<name>=<envvar>]\n           <command> [<args>]\n\nThese are common Git commands used in various situations:\n\nstart a working area (see also: git help tutorial)\n   clone      Clone a repository into a new directory\n   init       Create an empty Git repository or reinitialize an existing one\n\nwork on the current change (see also: git help everyday)\n   add        Add file contents to the index\n   mv         Move or rename a file, a directory, or a symlink\n   restore    Restore working tree files\n   rm         Remove files from the working tree and from the index\n\nexamine the history and state (see also: git help revisions)\n   bisect     Use binary search to find the commit that introduced a bug\n   diff       Show changes between commits, commit and working tree, etc\n   grep       Print lines matching a pattern\n   log        Show commit logs\n   show       Show various types of objects\n   status     Show the working tree status\n\ngrow, mark and tweak your common history\n   backfill   Download missing objects in a partial clone\n   branch     List, create, or delete branches\n   commit     Record changes to the repository\n   merge      Join two or more development histories together\n   rebase     Reapply commits on top of another base tip\n   reset      Reset current HEAD to the specified state\n   switch     Switch branches\n   tag        Create, list, delete or verify a tag object signed with GPG\n\ncollaborate (see also: git help workflows)\n   fetch      Download objects and refs from another repository\n   pull       Fetch from and integrate with another repository or a local branch\n   push       Update remote refs along with associated objects\n\n'git help -a' and 'git help -g' list available subcommands and some\nconcept guides. See 'git help <command>' or 'git help <concept>'\nto read about a specific subcommand or concept.\nSee 'git help git' for an overview of the system.\n""
[0m09:10:10.139297 [debug] [MainThread]: STDERR: "b''"
[0m09:10:10.139297 [info ] [MainThread]:  - git [[32mOK found[0m]

[0m09:10:10.139297 [info ] [MainThread]: Connection test skipped since no profile was found
[0m09:10:10.139297 [info ] [MainThread]: [31m2 checks failed:[0m
[0m09:10:10.154921 [info ] [MainThread]: Could not load dbt_project.yml
Profile loading failed for the following reason:
Runtime Error
  Credentials in profile "nyc_data", target "dev" invalid: Runtime Error
    Could not find adapter type databricks!


[0m09:10:10.154921 [info ] [MainThread]: Project loading failed for the following reason:
 project path <C:\Users\Selman\Desktop\ecommerce-data-platform\dbt_ecommerce\dbt_project.yml> not found

[0m09:10:10.154921 [debug] [MainThread]: Command `dbt debug` failed at 09:10:10.154921 after 0.62 seconds
[0m09:10:10.154921 [debug] [MainThread]: Sending event: {'category': 'dbt', 'action': 'invocation', 'label': 'end', 'context': [<snowplow_tracker.self_describing_json.SelfDescribingJson object at 0x000002839B34A810>, <snowplow_tracker.self_describing_json.SelfDescribingJson object at 0x00000283956938D0>, <snowplow_tracker.self_describing_json.SelfDescribingJson object at 0x000002839C016750>]}
[0m09:10:10.154921 [debug] [MainThread]: Flushing usage events
[0m09:10:11.587055 [debug] [MainThread]: An error was encountered while trying to flush usage events
[0m09:10:29.954913 [debug] [MainThread]: Sending event: {'category': 'dbt', 'action': 'invocation', 'label': 'start', 'context': [<snowplow_tracker.self_describing_json.SelfDescribingJson object at 0x000001C9B96EA9D0>, <snowplow_tracker.self_describing_json.SelfDescribingJson object at 0x000001C9B9720C10>, <snowplow_tracker.self_describing_json.SelfDescribingJson object at 0x000001C9B6345710>]}


============================== 09:10:29.954913 | 153756cc-bfab-4d3a-b334-2c99dedc1793 ==============================
[0m09:10:29.954913 [info ] [MainThread]: Running with dbt=1.10.3
[0m09:10:29.970546 [debug] [MainThread]: running dbt with arguments {'printer_width': '80', 'indirect_selection': 'eager', 'write_json': 'True', 'log_cache_events': 'False', 'partial_parse': 'True', 'cache_selected_only': 'False', 'profiles_dir': 'C:\\Users\\Selman\\.dbt', 'version_check': 'True', 'fail_fast': 'False', 'log_path': 'logs', 'warn_error': 'None', 'debug': 'False', 'use_colors': 'True', 'use_experimental_parser': 'False', 'no_print': 'None', 'quiet': 'False', 'empty': 'None', 'warn_error_options': 'WarnErrorOptionsV2(error=[], warn=[], silence=[])', 'static_parser': 'True', 'invocation_command': 'dbt test --select staging', 'introspect': 'True', 'target_path': 'None', 'log_format': 'default', 'send_anonymous_usage_stats': 'True'}
[0m09:10:29.970546 [error] [MainThread]: Encountered an error:
Runtime Error
  No dbt_project.yml found at expected path C:\Users\Selman\Desktop\ecommerce-data-platform\dbt_ecommerce\dbt_project.yml
  Verify that each entry within packages.yml (and their transitive dependencies) contains a file named dbt_project.yml
  
[0m09:10:29.970546 [debug] [MainThread]: Command `dbt test` failed at 09:10:29.970546 after 0.16 seconds
[0m09:10:29.970546 [debug] [MainThread]: Sending event: {'category': 'dbt', 'action': 'invocation', 'label': 'end', 'context': [<snowplow_tracker.self_describing_json.SelfDescribingJson object at 0x000001C9B2A33910>, <snowplow_tracker.self_describing_json.SelfDescribingJson object at 0x000001C9B94C6D90>, <snowplow_tracker.self_describing_json.SelfDescribingJson object at 0x000001C9B880A890>]}
[0m09:10:29.970546 [debug] [MainThread]: Flushing usage events
[0m09:10:31.409949 [debug] [MainThread]: An error was encountered while trying to flush usage events
[0m09:11:08.919409 [debug] [MainThread]: Sending event: {'category': 'dbt', 'action': 'invocation', 'label': 'start', 'context': [<snowplow_tracker.self_describing_json.SelfDescribingJson object at 0x000002805D38A750>, <snowplow_tracker.self_describing_json.SelfDescribingJson object at 0x000002805C4035D0>, <snowplow_tracker.self_describing_json.SelfDescribingJson object at 0x000002805A4E25D0>]}


============================== 09:11:08.919409 | cf132dbd-7c59-4fec-9ada-3a5100438743 ==============================
[0m09:11:08.919409 [info ] [MainThread]: Running with dbt=1.10.3
[0m09:11:08.919409 [debug] [MainThread]: running dbt with arguments {'printer_width': '80', 'indirect_selection': 'eager', 'write_json': 'True', 'log_cache_events': 'False', 'partial_parse': 'True', 'cache_selected_only': 'False', 'warn_error': 'None', 'debug': 'False', 'fail_fast': 'False', 'log_path': 'logs', 'profiles_dir': 'C:\\Users\\Selman\\.dbt', 'version_check': 'True', 'use_colors': 'True', 'use_experimental_parser': 'False', 'empty': 'None', 'quiet': 'False', 'no_print': 'None', 'warn_error_options': 'WarnErrorOptionsV2(error=[], warn=[], silence=[])', 'static_parser': 'True', 'invocation_command': 'dbt test --select staging', 'introspect': 'True', 'target_path': 'None', 'log_format': 'default', 'send_anonymous_usage_stats': 'True'}
[0m09:11:08.935038 [error] [MainThread]: Encountered an error:
Runtime Error
  No dbt_project.yml found at expected path C:\Users\Selman\Desktop\ecommerce-data-platform\dbt_ecommerce\dbt_project.yml
  Verify that each entry within packages.yml (and their transitive dependencies) contains a file named dbt_project.yml
  
[0m09:11:08.935038 [debug] [MainThread]: Command `dbt test` failed at 09:11:08.935038 after 0.17 seconds
[0m09:11:08.935038 [debug] [MainThread]: Sending event: {'category': 'dbt', 'action': 'invocation', 'label': 'end', 'context': [<snowplow_tracker.self_describing_json.SelfDescribingJson object at 0x0000028056703910>, <snowplow_tracker.self_describing_json.SelfDescribingJson object at 0x000002805D38A550>, <snowplow_tracker.self_describing_json.SelfDescribingJson object at 0x000002805D38A8D0>]}
[0m09:11:08.935038 [debug] [MainThread]: Flushing usage events
[0m09:11:10.973412 [debug] [MainThread]: An error was encountered while trying to flush usage events
[0m09:11:48.283325 [debug] [MainThread]: Sending event: {'category': 'dbt', 'action': 'invocation', 'label': 'start', 'context': [<snowplow_tracker.self_describing_json.SelfDescribingJson object at 0x0000025E86ABFF90>, <snowplow_tracker.self_describing_json.SelfDescribingJson object at 0x0000025E86846690>, <snowplow_tracker.self_describing_json.SelfDescribingJson object at 0x0000025E86846390>]}


============================== 09:11:48.298966 | 1e2d835a-b54b-43a4-b8f2-9e94954a4287 ==============================
[0m09:11:48.298966 [info ] [MainThread]: Running with dbt=1.10.3
[0m09:11:48.298966 [debug] [MainThread]: running dbt with arguments {'printer_width': '80', 'indirect_selection': 'eager', 'write_json': 'True', 'log_cache_events': 'False', 'partial_parse': 'True', 'cache_selected_only': 'False', 'profiles_dir': 'C:\\Users\\Selman\\.dbt', 'debug': 'False', 'version_check': 'True', 'log_path': 'logs', 'fail_fast': 'False', 'warn_error': 'None', 'use_colors': 'True', 'use_experimental_parser': 'False', 'no_print': 'None', 'quiet': 'False', 'empty': 'None', 'warn_error_options': 'WarnErrorOptionsV2(error=[], warn=[], silence=[])', 'static_parser': 'True', 'introspect': 'True', 'invocation_command': 'dbt test --select staging', 'target_path': 'None', 'log_format': 'default', 'send_anonymous_usage_stats': 'True'}
[0m09:11:48.298966 [error] [MainThread]: Encountered an error:
Runtime Error
  No dbt_project.yml found at expected path C:\Users\Selman\Desktop\ecommerce-data-platform\dbt_ecommerce\dbt_project.yml
  Verify that each entry within packages.yml (and their transitive dependencies) contains a file named dbt_project.yml
  
[0m09:11:48.298966 [debug] [MainThread]: Command `dbt test` failed at 09:11:48.298966 after 0.17 seconds
[0m09:11:48.298966 [debug] [MainThread]: Sending event: {'category': 'dbt', 'action': 'invocation', 'label': 'end', 'context': [<snowplow_tracker.self_describing_json.SelfDescribingJson object at 0x0000025EFFDB3910>, <snowplow_tracker.self_describing_json.SelfDescribingJson object at 0x0000025E86AC3710>, <snowplow_tracker.self_describing_json.SelfDescribingJson object at 0x0000025E86AC0950>]}
[0m09:11:48.298966 [debug] [MainThread]: Flushing usage events
[0m09:11:49.692807 [debug] [MainThread]: An error was encountered while trying to flush usage events
[0m09:12:55.335798 [debug] [MainThread]: Sending event: {'category': 'dbt', 'action': 'invocation', 'label': 'start', 'context': [<snowplow_tracker.self_describing_json.SelfDescribingJson object at 0x000002CBA814A810>, <snowplow_tracker.self_describing_json.SelfDescribingJson object at 0x000002CBA814A9D0>, <snowplow_tracker.self_describing_json.SelfDescribingJson object at 0x000002CBA814A990>]}


============================== 09:12:55.350652 | 944af4d3-0b19-402a-b9e2-b6525b9a3eb1 ==============================
[0m09:12:55.350652 [info ] [MainThread]: Running with dbt=1.10.3
[0m09:12:55.350652 [debug] [MainThread]: running dbt with arguments {'printer_width': '80', 'indirect_selection': 'eager', 'write_json': 'True', 'log_cache_events': 'False', 'partial_parse': 'True', 'cache_selected_only': 'False', 'profiles_dir': 'C:\\Users\\Selman\\.dbt', 'version_check': 'True', 'debug': 'False', 'log_path': 'logs', 'fail_fast': 'False', 'warn_error': 'None', 'use_colors': 'True', 'use_experimental_parser': 'False', 'empty': 'None', 'quiet': 'False', 'no_print': 'None', 'log_format': 'default', 'static_parser': 'True', 'warn_error_options': 'WarnErrorOptionsV2(error=[], warn=[], silence=[])', 'introspect': 'True', 'target_path': 'None', 'invocation_command': 'dbt test --select staging', 'send_anonymous_usage_stats': 'True'}
[0m09:12:55.350652 [error] [MainThread]: Encountered an error:
Runtime Error
  No dbt_project.yml found at expected path C:\Users\Selman\Desktop\ecommerce-data-platform\dbt_ecommerce\dbt_project.yml
  Verify that each entry within packages.yml (and their transitive dependencies) contains a file named dbt_project.yml
  
[0m09:12:55.350652 [debug] [MainThread]: Command `dbt test` failed at 09:12:55.350652 after 0.16 seconds
[0m09:12:55.350652 [debug] [MainThread]: Sending event: {'category': 'dbt', 'action': 'invocation', 'label': 'end', 'context': [<snowplow_tracker.self_describing_json.SelfDescribingJson object at 0x000002CBA14D3910>, <snowplow_tracker.self_describing_json.SelfDescribingJson object at 0x000002CBA8180790>, <snowplow_tracker.self_describing_json.SelfDescribingJson object at 0x000002CBA171CD10>]}
[0m09:12:55.350652 [debug] [MainThread]: Flushing usage events
[0m09:12:56.849260 [debug] [MainThread]: An error was encountered while trying to flush usage events
